TN:
SF:src/NoteApp/client.ts
FN:17,(anonymous_6)
FN:22,(anonymous_7)
FN:39,(anonymous_8)
FN:48,(anonymous_9)
FNF:4
FNH:2
FNDA:1,(anonymous_6)
FNDA:0,(anonymous_7)
FNDA:0,(anonymous_8)
FNDA:10,(anonymous_9)
DA:4,1
DA:5,1
DA:6,1
DA:12,1
DA:17,1
DA:23,0
DA:36,0
DA:37,0
DA:39,0
DA:40,0
DA:49,10
DA:50,10
DA:51,10
DA:52,10
DA:53,10
DA:54,10
DA:56,10
DA:57,5
DA:58,5
DA:59,5
DA:60,5
DA:63,5
DA:64,1
DA:67,4
DA:68,1
DA:71,3
DA:72,1
DA:75,2
DA:76,1
DA:79,1
DA:80,1
DA:81,1
DA:83,1
DA:85,5
DA:86,5
DA:87,1
DA:90,4
DA:91,1
DA:94,3
DA:95,1
DA:98,2
DA:99,1
DA:102,1
DA:103,1
LF:44
LH:39
BRDA:56,0,0,5
BRDA:56,0,1,5
BRDA:63,1,0,1
BRDA:63,1,1,4
BRDA:67,2,0,1
BRDA:67,2,1,3
BRDA:71,3,0,1
BRDA:71,3,1,2
BRDA:75,4,0,1
BRDA:75,4,1,1
BRDA:79,5,0,1
BRDA:79,5,1,0
BRDA:85,6,0,5
BRDA:85,6,1,0
BRDA:86,7,0,1
BRDA:86,7,1,4
BRDA:90,8,0,1
BRDA:90,8,1,3
BRDA:94,9,0,1
BRDA:94,9,1,2
BRDA:98,10,0,1
BRDA:98,10,1,1
BRDA:102,11,0,1
BRDA:102,11,1,0
BRF:24
BRH:21
end_of_record
TN:
SF:src/NoteApp/eventEmitter.ts
FN:9,(anonymous_0)
FN:12,(anonymous_1)
FN:16,(anonymous_2)
FNF:3
FNH:0
FNDA:0,(anonymous_0)
FNDA:0,(anonymous_1)
FNDA:0,(anonymous_2)
DA:3,1
DA:8,1
DA:9,0
DA:10,0
DA:13,0
DA:15,0
DA:16,0
DA:17,0
DA:18,0
LF:9
LH:2
BRF:0
BRH:0
end_of_record
TN:
SF:src/NoteApp/NoteOperations/addNote.ts
FN:14,(anonymous_0)
FN:26,(anonymous_1)
FN:35,(anonymous_2)
FN:41,(anonymous_3)
FN:48,(anonymous_4)
FNF:5
FNH:3
FNDA:1,(anonymous_0)
FNDA:3,(anonymous_1)
FNDA:1,(anonymous_2)
FNDA:0,(anonymous_3)
FNDA:0,(anonymous_4)
DA:5,1
DA:7,1
DA:13,1
DA:15,1
DA:26,1
DA:27,3
DA:28,3
DA:33,3
DA:34,2
DA:35,1
DA:36,1
DA:37,1
DA:38,1
DA:41,0
DA:42,0
DA:43,0
DA:48,0
DA:49,0
DA:50,0
DA:51,0
DA:53,0
DA:58,0
DA:62,0
DA:63,0
DA:69,1
DA:71,1
DA:74,1
DA:75,1
LF:28
LH:17
BRDA:33,0,0,2
BRDA:33,0,1,1
BRDA:33,1,0,3
BRDA:33,1,1,2
BRDA:33,1,2,2
BRDA:34,2,0,1
BRDA:34,2,1,1
BRDA:34,3,0,2
BRDA:34,3,1,1
BRDA:34,3,2,1
BRDA:34,3,3,1
BRDA:36,4,0,1
BRDA:36,4,1,0
BRDA:42,5,0,0
BRDA:42,5,1,0
BRDA:49,6,0,0
BRDA:49,6,1,0
BRF:17
BRH:12
end_of_record
TN:
SF:src/NoteApp/NoteOperations/listNotes.ts
FN:14,(anonymous_0)
FN:23,(anonymous_1)
FN:31,(anonymous_2)
FN:36,(anonymous_3)
FN:41,(anonymous_4)
FNF:5
FNH:3
FNDA:1,(anonymous_0)
FNDA:1,(anonymous_1)
FNDA:1,(anonymous_2)
FNDA:0,(anonymous_3)
FNDA:0,(anonymous_4)
DA:5,1
DA:7,1
DA:13,1
DA:15,1
DA:23,1
DA:24,1
DA:25,1
DA:26,1
DA:31,1
DA:32,1
DA:33,1
DA:34,1
DA:36,0
DA:37,0
DA:38,0
DA:39,0
DA:41,0
DA:42,0
DA:43,0
DA:46,0
DA:47,0
DA:53,0
DA:55,0
DA:56,0
LF:24
LH:12
BRDA:32,0,0,1
BRDA:32,0,1,0
BRDA:37,1,0,0
BRDA:37,1,1,0
BRDA:46,2,0,0
BRDA:46,2,1,0
BRF:6
BRH:1
end_of_record
TN:
SF:src/NoteApp/NoteOperations/modifyNote.ts
FN:14,(anonymous_0)
FN:25,(anonymous_1)
FN:31,(anonymous_2)
FN:36,(anonymous_3)
FN:40,(anonymous_4)
FNF:5
FNH:3
FNDA:1,(anonymous_0)
FNDA:1,(anonymous_1)
FNDA:1,(anonymous_2)
FNDA:0,(anonymous_3)
FNDA:0,(anonymous_4)
DA:5,1
DA:7,1
DA:13,1
DA:15,1
DA:25,1
DA:26,1
DA:27,1
DA:31,1
DA:32,1
DA:33,1
DA:34,1
DA:36,0
DA:37,0
DA:38,0
DA:40,0
DA:41,0
DA:42,0
DA:43,0
DA:45,0
DA:50,0
LF:20
LH:11
BRDA:32,0,0,1
BRDA:32,0,1,0
BRDA:41,1,0,0
BRDA:41,1,1,0
BRF:4
BRH:1
end_of_record
TN:
SF:src/NoteApp/NoteOperations/readNotes.ts
FN:14,(anonymous_0)
FN:24,(anonymous_1)
FN:31,(anonymous_2)
FN:36,(anonymous_3)
FNF:4
FNH:3
FNDA:1,(anonymous_0)
FNDA:1,(anonymous_1)
FNDA:1,(anonymous_2)
FNDA:0,(anonymous_3)
DA:5,1
DA:7,1
DA:13,1
DA:15,1
DA:24,1
DA:25,1
DA:26,1
DA:31,1
DA:32,1
DA:33,1
DA:34,1
DA:36,0
DA:37,0
DA:38,0
DA:39,0
DA:41,0
DA:42,0
DA:47,0
LF:18
LH:11
BRDA:32,0,0,1
BRDA:32,0,1,0
BRDA:37,1,0,0
BRDA:37,1,1,0
BRF:4
BRH:1
end_of_record
TN:
SF:src/NoteApp/NoteOperations/removeNote.ts
FN:15,(anonymous_0)
FN:25,(anonymous_1)
FN:31,(anonymous_2)
FN:36,(anonymous_3)
FNF:4
FNH:3
FNDA:1,(anonymous_0)
FNDA:1,(anonymous_1)
FNDA:1,(anonymous_2)
FNDA:0,(anonymous_3)
DA:5,1
DA:7,1
DA:14,1
DA:16,1
DA:25,1
DA:26,1
DA:27,1
DA:31,1
DA:32,1
DA:33,1
DA:34,1
DA:36,0
DA:37,0
DA:38,0
DA:39,0
DA:42,0
DA:43,0
DA:49,0
LF:18
LH:11
BRDA:32,0,0,1
BRDA:32,0,1,0
BRDA:37,1,0,0
BRDA:37,1,1,0
BRF:4
BRH:1
end_of_record
TN:
SF:src/NoteApp/NoteOperations/utilities.ts
FN:11,(anonymous_6)
FN:18,(anonymous_7)
FNF:2
FNH:2
FNDA:29,(anonymous_6)
FNDA:41,(anonymous_7)
DA:4,1
DA:10,1
DA:19,41
DA:20,25
DA:21,16
DA:22,7
DA:23,9
DA:24,7
DA:25,2
DA:26,1
DA:29,1
LF:11
LH:11
BRDA:19,0,0,25
BRDA:19,0,1,16
BRDA:21,1,0,7
BRDA:21,1,1,9
BRDA:23,2,0,7
BRDA:23,2,1,2
BRDA:25,3,0,1
BRDA:25,3,1,1
BRF:8
BRH:8
end_of_record
