TN:
SF:src/index.ts
FN:3,add
FNF:1
FNH:1
FNDA:2,add
DA:3,1
DA:4,2
DA:7,1
LF:3
LH:3
BRF:0
BRH:0
end_of_record
TN:
SF:src/NoteApp/NoteOperations/addNote.ts
FN:66,(anonymous_0)
FN:69,(anonymous_1)
FN:83,(anonymous_2)
FN:85,(anonymous_3)
FNF:4
FNH:4
FNDA:4,(anonymous_0)
FNDA:4,(anonymous_1)
FNDA:2,(anonymous_2)
FNDA:1,(anonymous_3)
DA:5,1
DA:7,1
DA:66,1
DA:67,4
DA:69,4
DA:70,4
DA:71,0
DA:74,4
DA:80,4
DA:81,3
DA:83,2
DA:84,2
DA:85,1
DA:86,1
DA:87,0
DA:90,1
DA:93,1
DA:97,1
DA:100,1
LF:19
LH:17
BRDA:70,0,0,0
BRDA:70,0,1,4
BRDA:80,1,0,3
BRDA:80,1,1,1
BRDA:80,2,0,4
BRDA:80,2,1,3
BRDA:80,2,2,3
BRDA:81,3,0,2
BRDA:81,3,1,1
BRDA:81,4,0,3
BRDA:81,4,1,1
BRDA:81,4,2,1
BRDA:81,4,3,1
BRDA:84,5,0,1
BRDA:84,5,1,1
BRDA:86,6,0,0
BRDA:86,6,1,1
BRF:17
BRH:15
end_of_record
TN:
SF:src/NoteApp/NoteOperations/listNotes.ts
FN:46,(anonymous_0)
FN:48,(anonymous_1)
FN:52,(anonymous_2)
FN:57,(anonymous_3)
FN:58,(anonymous_4)
FNF:5
FNH:5
FNDA:2,(anonymous_0)
FNDA:2,(anonymous_1)
FNDA:1,(anonymous_2)
FNDA:1,(anonymous_3)
FNDA:1,(anonymous_4)
DA:5,1
DA:7,1
DA:46,1
DA:47,2
DA:48,2
DA:49,2
DA:50,1
DA:52,1
DA:53,1
DA:54,0
DA:57,1
DA:58,1
DA:59,1
DA:60,0
DA:63,1
DA:64,1
DA:65,1
LF:17
LH:15
BRDA:49,0,0,1
BRDA:49,0,1,1
BRDA:53,1,0,0
BRDA:53,1,1,1
BRDA:59,2,0,0
BRDA:59,2,1,1
BRF:6
BRH:4
end_of_record
TN:
SF:src/NoteApp/NoteOperations/modifyNote.ts
FN:48,(anonymous_0)
FN:50,(anonymous_1)
FN:54,(anonymous_2)
FN:58,(anonymous_3)
FNF:4
FNH:4
FNDA:3,(anonymous_0)
FNDA:3,(anonymous_1)
FNDA:2,(anonymous_2)
FNDA:2,(anonymous_3)
DA:5,1
DA:7,1
DA:48,1
DA:49,3
DA:50,3
DA:51,3
DA:52,1
DA:54,2
DA:55,2
DA:56,2
DA:58,2
DA:59,2
DA:60,1
DA:63,2
LF:14
LH:14
BRDA:51,0,0,1
BRDA:51,0,1,2
BRDA:59,1,0,1
BRDA:59,1,1,1
BRDA:59,2,0,2
BRDA:59,2,1,2
BRF:6
BRH:6
end_of_record
TN:
SF:src/NoteApp/NoteOperations/readNotes.ts
FN:44,(anonymous_0)
FN:46,(anonymous_1)
FN:50,(anonymous_2)
FNF:3
FNH:3
FNDA:2,(anonymous_0)
FNDA:2,(anonymous_1)
FNDA:1,(anonymous_2)
DA:5,1
DA:7,1
DA:44,1
DA:45,2
DA:46,2
DA:47,2
DA:48,1
DA:50,1
DA:51,1
DA:52,0
DA:54,1
DA:55,1
DA:56,1
DA:57,1
LF:14
LH:13
BRDA:47,0,0,1
BRDA:47,0,1,1
BRDA:51,1,0,0
BRDA:51,1,1,1
BRF:4
BRH:3
end_of_record
TN:
SF:src/NoteApp/NoteOperations/removeNote.ts
FN:42,(anonymous_0)
FN:44,(anonymous_1)
FN:48,(anonymous_2)
FNF:3
FNH:2
FNDA:1,(anonymous_0)
FNDA:1,(anonymous_1)
FNDA:0,(anonymous_2)
DA:5,1
DA:7,1
DA:42,1
DA:43,1
DA:44,1
DA:45,1
DA:46,1
DA:48,0
DA:49,0
DA:50,0
DA:53,0
LF:11
LH:7
BRDA:45,0,0,1
BRDA:45,0,1,0
BRDA:49,1,0,0
BRDA:49,1,1,0
BRF:4
BRH:1
end_of_record
TN:
SF:src/NoteApp/NoteOperations/utilities.ts
FN:11,(anonymous_6)
FN:18,(anonymous_7)
FNF:2
FNH:2
FNDA:18,(anonymous_6)
FNDA:35,(anonymous_7)
DA:4,1
DA:10,1
DA:19,35
DA:20,23
DA:21,12
DA:22,9
DA:23,3
DA:24,1
DA:25,2
DA:26,1
DA:29,1
LF:11
LH:11
BRDA:19,0,0,23
BRDA:19,0,1,12
BRDA:21,1,0,9
BRDA:21,1,1,3
BRDA:23,2,0,1
BRDA:23,2,1,2
BRDA:25,3,0,1
BRDA:25,3,1,1
BRF:8
BRH:8
end_of_record
